*** Using Compiler 'V5.06 update 5 (build 528)', folder: 'G:\Dev\Keil_v5\ARM\ARMCC\Bin'
Build target 'Target 1'
assembling startup_stm32f10x_md.s...
compiling bsp_spi.c...
compiling core_cm3.c...
compiling bsp_gpio.c...
compiling bsp_uart.c...
.\BSP\inc\bsp_uart.h(92): warning:  #1-D: last line of file ends without a newline
  #endif
BSP\src\bsp_uart.c(35): warning:  #188-D: enumerated type mixed with another type
      .irqn     = 37,
BSP\src\bsp_uart.c(62): error:  #167: argument of type "const bsp_gpio_t **" is incompatible with parameter of type "const bsp_gpio_t *"
  	bsp_gpio_init(&uart->io.tx,&uart1_tx_init_cfg);
BSP\src\bsp_uart.c(63): error:  #167: argument of type "const bsp_gpio_t **" is incompatible with parameter of type "const bsp_gpio_t *"
      bsp_gpio_init(&uart->io.rx,&uart1_rx_init_cfg);
BSP\src\bsp_uart.c(108): warning:  #223-D: function "strlen" declared implicitly
      uint32_t len = strlen(str);
BSP\src\bsp_uart.c: 3 warnings, 2 errors
compiling main.c...
.\BSP\inc\bsp_led.h(14): warning:  #1-D: last line of file ends without a newline
  #endif
.\BSP\inc\bsp_uart.h(92): warning:  #1-D: last line of file ends without a newline
  #endif
App\main.c(14): error:  #20: identifier "g_uart1" is undefined
      bsp_uart_init(&g_uart1);
App\main.c(22): warning:  #1-D: last line of file ends without a newline
  }
App\main.c: 3 warnings, 1 error
compiling system_stm32f10x.c...
compiling stm32f10x_it.c...
compiling bsp_led_test.c...
compiling misc.c...
compiling stm32f10x_bkp.c...
compiling stm32f10x_adc.c...
compiling stm32f10x_can.c...
compiling stm32f10x_cec.c...
compiling stm32f10x_crc.c...
compiling stm32f10x_dbgmcu.c...
compiling stm32f10x_dac.c...
compiling stm32f10x_dma.c...
compiling stm32f10x_exti.c...
compiling stm32f10x_i2c.c...
compiling stm32f10x_iwdg.c...
compiling stm32f10x_fsmc.c...
compiling stm32f10x_gpio.c...
compiling stm32f10x_flash.c...
compiling stm32f10x_pwr.c...
compiling stm32f10x_rcc.c...
compiling stm32f10x_rtc.c...
compiling stm32f10x_wwdg.c...
compiling stm32f10x_sdio.c...
compiling stm32f10x_spi.c...
compiling stm32f10x_usart.c...
compiling stm32f10x_tim.c...
".\Objects\Drv.axf" - 3 Error(s), 6 Warning(s).
Target not created.
Build Time Elapsed:  00:00:01
